2016-01-19T07:49:26.009Z - info: oServer.serverNamelocal
2016-01-19T07:49:26.286Z - error: could not create the database OrientDB.RequestError: Database named 'mydb' already exists: D:/dev/orientdb-community-2.1.8/databases/mydb..Trying to use
2016-01-19T08:58:48.552Z - info: oServer.serverNamelocal
2016-01-19T08:58:48.763Z - error: could not create the database OrientDB.RequestError: Database named 'mydb' already exists: D:/dev/orientdb-community-2.1.8/databases/mydb..Trying to use
2016-01-19T09:06:44.686Z - info: oServer.serverNamelocal
2016-01-19T09:06:44.843Z - info: in opendb
2016-01-19T09:08:48.137Z - info: oServer.serverNamelocal
2016-01-19T09:08:48.299Z - info: in opendb
2016-01-19T09:10:14.506Z - info: oServer.serverNamelocal
2016-01-19T09:27:53.455Z - info: oServer.serverNamelocal
2016-01-19T09:27:53.630Z - error:  ReferenceError: server is not defined
    at orientServer.openDb (d:\dev\sputnik\orientEngine.js:86:11)
    at Server.<anonymous> (d:\dev\sputnik\builder.js:275:19)
    at Server.tryCatcher (d:\dev\sputnik\node_modules\orientjs\node_modules\bluebird\js\main\util.js:26:23)
    at Promise._settlePromiseFromHandler (d:\dev\sputnik\node_modules\orientjs\node_modules\bluebird\js\main\promise.js:503:31)
    at Promise._settlePromiseAt (d:\dev\sputnik\node_modules\orientjs\node_modules\bluebird\js\main\promise.js:577:18)
    at Promise._settlePromises (d:\dev\sputnik\node_modules\orientjs\node_modules\bluebird\js\main\promise.js:693:14)
    at Async._drainQueue (d:\dev\sputnik\node_modules\orientjs\node_modules\bluebird\js\main\async.js:123:16)
    at Async._drainQueues (d:\dev\sputnik\node_modules\orientjs\node_modules\bluebird\js\main\async.js:133:10)
    at Immediate.Async.drainQueues [as _onImmediate] (d:\dev\sputnik\node_modules\orientjs\node_modules\bluebird\js\main\async.js:15:14)
    at processImmediate [as _immediateCallback] (timers.js:383:17)
2016-01-19T09:33:59.643Z - info: oServer.serverNamelocal
2016-01-19T09:33:59.828Z - info:  ReferenceError: server is not defined
    at orientServer.openDb (d:\dev\sputnik\orientEngine.js:86:11)
    at Server.<anonymous> (d:\dev\sputnik\builder.js:275:19)
    at Server.tryCatcher (d:\dev\sputnik\node_modules\orientjs\node_modules\bluebird\js\main\util.js:26:23)
    at Promise._settlePromiseFromHandler (d:\dev\sputnik\node_modules\orientjs\node_modules\bluebird\js\main\promise.js:503:31)
    at Promise._settlePromiseAt (d:\dev\sputnik\node_modules\orientjs\node_modules\bluebird\js\main\promise.js:577:18)
    at Promise._settlePromises (d:\dev\sputnik\node_modules\orientjs\node_modules\bluebird\js\main\promise.js:693:14)
    at Async._drainQueue (d:\dev\sputnik\node_modules\orientjs\node_modules\bluebird\js\main\async.js:123:16)
    at Async._drainQueues (d:\dev\sputnik\node_modules\orientjs\node_modules\bluebird\js\main\async.js:133:10)
    at Immediate.Async.drainQueues [as _onImmediate] (d:\dev\sputnik\node_modules\orientjs\node_modules\bluebird\js\main\async.js:15:14)
    at processImmediate [as _immediateCallback] (timers.js:383:17)
2016-01-19T09:39:16.018Z - info: oServer.serverNamelocal
2016-01-19T09:39:16.212Z - info:  ReferenceError: server is not defined
    at orientServer.openDb (d:\dev\sputnik\orientEngine.js:86:11)
    at Server.<anonymous> (d:\dev\sputnik\builder.js:275:19)
    at Server.tryCatcher (d:\dev\sputnik\node_modules\orientjs\node_modules\bluebird\js\main\util.js:26:23)
    at Promise._settlePromiseFromHandler (d:\dev\sputnik\node_modules\orientjs\node_modules\bluebird\js\main\promise.js:503:31)
    at Promise._settlePromiseAt (d:\dev\sputnik\node_modules\orientjs\node_modules\bluebird\js\main\promise.js:577:18)
    at Promise._settlePromises (d:\dev\sputnik\node_modules\orientjs\node_modules\bluebird\js\main\promise.js:693:14)
    at Async._drainQueue (d:\dev\sputnik\node_modules\orientjs\node_modules\bluebird\js\main\async.js:123:16)
    at Async._drainQueues (d:\dev\sputnik\node_modules\orientjs\node_modules\bluebird\js\main\async.js:133:10)
    at Immediate.Async.drainQueues [as _onImmediate] (d:\dev\sputnik\node_modules\orientjs\node_modules\bluebird\js\main\async.js:15:14)
    at processImmediate [as _immediateCallback] (timers.js:383:17)
2016-01-19T09:39:36.370Z - info: oServer.serverNamelocal
2016-01-19T09:39:36.576Z - info: in opendb
2016-01-19T09:39:58.141Z - info: oServer.serverNamelocal
2016-01-19T09:39:58.312Z - info: in opendb
2016-01-19T09:41:27.799Z - info: oServer.serverNamelocal
2016-01-19T09:41:27.994Z - info: in opendb
2016-01-19T09:41:55.743Z - info: oServer.serverNamelocal
2016-01-19T09:41:55.896Z - info: in opendb
2016-01-19T09:43:14.160Z - info: oServer.serverNamelocal
2016-01-19T09:43:14.404Z - info: before server.use-mydb13234
2016-01-19T09:43:14.407Z - info: in opendb
2016-01-19T09:43:55.455Z - info: oServer.serverNamelocal
2016-01-19T09:43:55.611Z - info: before server.use-mydb13234
2016-01-19T09:43:55.613Z - info: in opendb
2016-01-19T09:54:20.785Z - info: oServer.serverNamelocal
2016-01-19T09:54:20.960Z - info: before server.use-mydb13234
2016-01-19T09:54:20.964Z - info: in opendb
2016-01-19T09:59:15.964Z - info: oServer.serverNamelocal
2016-01-19T09:59:16.115Z - info: before server.use-mydb13234
2016-01-19T10:02:33.413Z - info: oServer.serverNamelocal
2016-01-19T10:02:33.569Z - info: before server.use-mydb13234
2016-01-19T10:02:33.575Z - error: rejected in Init Promise-unable to open dbmydb13234
2016-01-19T11:13:49.637Z - info: oServer.serverNamelocal
2016-01-19T11:13:49.645Z - info: THE END
2016-01-19T11:13:49.820Z - info: before server.use-mydb13234
2016-01-19T11:13:49.826Z - error: rejected in Init Promise-unable to open dbmydb13234
2016-01-19T11:13:49.829Z - error: unable to open dbmydb13234 -init rejected
2016-01-19T11:14:43.186Z - info: oServer.serverNamelocal
2016-01-19T11:14:43.192Z - info: THE END
2016-01-19T11:14:43.315Z - info: before server.use-mydb13234
2016-01-19T11:14:43.320Z - error: rejected in Init Promise-unable to open dbmydb13234
2016-01-19T11:14:43.323Z - error: unable to open dbmydb13234 -init rejected
2016-01-19T11:15:44.361Z - info: oServer.serverNamelocal
2016-01-19T11:15:44.367Z - info: THE END
2016-01-19T11:15:44.488Z - info: before server.use-mydb13234
2016-01-19T11:15:44.493Z - error: rejected in Init Promise-unable to open dbmydb13234
2016-01-19T13:30:10.214Z - info: oServer.serverNamelocal
2016-01-19T13:30:10.219Z - info: THE END
2016-01-19T13:30:10.221Z - info: Argument for db name missing -init rejected
2016-01-19T13:32:42.174Z - info: oServer.serverNamelocal
2016-01-19T13:32:42.178Z - info: THE END
2016-01-19T13:32:42.180Z - info: Argument for db name missing -init rejected
2016-01-20T17:37:57.294Z - info: oServer.serverNamelocal
2016-01-20T17:38:45.016Z - info: oServer.serverNamelocal
2016-01-20T17:42:19.878Z - info: oServer.serverNamelocal
2016-01-20T17:42:19.880Z - error: In final catch
2016-01-20T17:42:19.881Z - info: Argument for db name missing
2016-01-20T17:42:19.881Z - info: THE END
2016-01-20T17:42:41.185Z - info: oServer.serverNamelocal
2016-01-20T17:42:41.190Z - info: THE END
2016-01-20T17:42:41.983Z - info: before server.use-mydb1
2016-01-20T17:42:41.985Z - info: in opendb
2016-01-20T17:50:52.654Z - info: oServer.serverNamelocal
2016-01-20T17:50:52.658Z - info: THE END
2016-01-20T17:50:52.727Z - info: before server.use-mydb1
2016-01-20T17:50:52.728Z - info: in opendb
2016-01-20T17:58:08.713Z - info: oServer.serverNamelocal
2016-01-20T17:58:08.717Z - info: THE END
2016-01-20T17:58:08.792Z - info: before server.use-mydb13
2016-01-20T17:58:08.793Z - info: in opendb
2016-01-20T18:01:43.345Z - info: oServer.serverNamelocal
2016-01-20T18:01:43.347Z - error: In final catch
2016-01-20T18:01:43.347Z - info: Argument for orient db name missing
2016-01-20T18:01:43.348Z - info: THE END
2016-01-20T18:02:04.316Z - info: oServer.serverNamelocal
2016-01-20T18:02:04.318Z - error: In final catch
2016-01-20T18:02:04.318Z - info: Argument for orient db name missing
2016-01-20T18:02:04.318Z - info: THE END
2016-01-20T18:02:25.354Z - info: oServer.serverNamelocal
2016-01-20T18:02:25.356Z - info: in init catch
2016-01-20T18:02:25.356Z - error: In final catch
2016-01-20T18:02:25.356Z - info: Argument for orient db name missing
2016-01-20T18:02:25.356Z - info: THE END
2016-01-20T18:02:43.020Z - info: oServer.serverNamelocal
2016-01-20T18:02:43.025Z - info: THE END
2016-01-20T18:02:43.093Z - info: before server.use-12313
2016-01-20T18:02:43.094Z - info: in opendb
2016-01-20T18:03:30.815Z - info: oServer.serverNamelocal
2016-01-20T18:03:30.819Z - info: THE END
2016-01-20T18:03:30.889Z - info: before server.use-12313
2016-01-20T18:03:30.890Z - info: in opendb
2016-01-20T18:06:58.845Z - info: oServer.serverNamelocal
2016-01-20T18:06:58.849Z - info: THE END
2016-01-20T18:06:58.922Z - info: before server.use-12313
2016-01-20T18:06:58.923Z - info: in opendb
2016-01-20T18:41:59.435Z - info: oServer.serverNamelocal
2016-01-20T18:41:59.440Z - info: THE END
2016-01-20T18:42:26.478Z - info: oServer.serverNamelocal
2016-01-20T18:42:26.487Z - info: THE END
2016-01-20T18:48:18.830Z - info: oServer.serverNamelocal
2016-01-20T18:48:18.835Z - info: THE END
2016-01-20T18:51:25.746Z - info: oServer.serverNamelocal
2016-01-20T18:51:25.750Z - info: THE END
2016-01-20T18:52:49.893Z - info: oServer.serverNamelocal
2016-01-20T18:52:49.896Z - info: THE END
2016-01-20T18:52:49.911Z - info: inside oServer.start().then
2016-01-20T18:57:41.113Z - info: oServer.serverNamelocal
2016-01-20T18:57:41.118Z - info: THE END
2016-01-20T18:57:41.131Z - info: inside oServer.start().then
2016-01-20T18:58:50.165Z - info: oServer.serverNamelocal
2016-01-20T18:58:50.172Z - info: THE END
2016-01-20T18:58:50.187Z - info: inside oServer.start().then
2016-01-20T18:59:50.235Z - info: oServer.serverNamelocal
2016-01-20T18:59:50.240Z - info: THE END
2016-01-20T18:59:50.252Z - info: inside oServer.start().then
2016-01-20T18:59:50.255Z - info:  useToken=false, error=function () { [native code] }, log=function () { [native code] }, debug=function () {}, domain=null, reset=function () { [native code] }, _eventsCount=1, _maxListeners=Infinity, connecting=false, closing=false, retries=0, maxRetries=5, host=localhost, port=2424, username=root, password=root, enableRIDBags=true, useToken=false, token=null, sessionId=-1, error=function () { [native code] }, log=function () { [native code] }, debug=function () {}, domain=null, update-config=function () { [native code] }, reconnectNow=function () { [native code] }, error=function () { [native code] }, _eventsCount=3, _maxListeners=Infinity, host=localhost, port=2424, socket=null, $ref=$["server"]["transport"]["logger"], enableRIDBags=true, closing=false, reconnectNow=false, protocol=null, queue=[], writes=[], remaining=null, get=function () { [native code] }, set=function () { [native code] }, list=function () { [native code] }, domain=null, , _eventsCount=0, _maxListeners=Infinity, serverName=local, dbName=, schemaFilePath=orient_connect.json, name=local, host=localhost, port=2424, username=root, password=root
2016-01-20T19:00:19.849Z - info: oServer.serverNamelocal
2016-01-20T19:00:19.852Z - info: THE END
2016-01-20T19:00:19.865Z - info: inside oServer.start().then
2016-01-20T19:00:19.866Z - info: undefined
2016-01-20T19:01:04.397Z - info: oServer.serverNamelocal
2016-01-20T19:01:04.401Z - info: THE END
2016-01-20T19:01:04.416Z - info: inside oServer.start().then
2016-01-20T19:01:04.422Z - info:  useToken=false, error=function () { [native code] }, log=function () { [native code] }, debug=function () {}, domain=null, reset=function () { [native code] }, _eventsCount=1, _maxListeners=Infinity, connecting=false, closing=false, retries=0, maxRetries=5, host=localhost, port=2424, username=root, password=root, enableRIDBags=true, useToken=false, token=null, sessionId=-1, error=function () { [native code] }, log=function () { [native code] }, debug=function () {}, domain=null, update-config=function () { [native code] }, reconnectNow=function () { [native code] }, error=function () { [native code] }, _eventsCount=3, _maxListeners=Infinity, host=localhost, port=2424, socket=null, $ref=$["server"]["transport"]["logger"], enableRIDBags=true, closing=false, reconnectNow=false, protocol=null, queue=[], writes=[], remaining=null, get=function () { [native code] }, set=function () { [native code] }, list=function () { [native code] }, domain=null, , _eventsCount=0, _maxListeners=Infinity, serverName=local, dbName=, schemaFilePath=orient_connect.json, name=local, host=localhost, port=2424, username=root, password=root
2016-01-20T19:03:04.088Z - info: oServer.serverNamelocal
2016-01-20T19:03:04.095Z - info: THE END
2016-01-20T19:03:04.110Z - info: inside oServer.start().then
2016-01-20T19:03:04.115Z - info:  useToken=false, error=function () { [native code] }, log=function () { [native code] }, debug=function () {}, domain=null, reset=function () { [native code] }, _eventsCount=1, _maxListeners=Infinity, connecting=false, closing=false, retries=0, maxRetries=5, host=localhost, port=2424, username=root, password=root, enableRIDBags=true, useToken=false, token=null, sessionId=-1, error=function () { [native code] }, log=function () { [native code] }, debug=function () {}, domain=null, update-config=function () { [native code] }, reconnectNow=function () { [native code] }, error=function () { [native code] }, _eventsCount=3, _maxListeners=Infinity, host=localhost, port=2424, socket=null, $ref=$["server"]["transport"]["logger"], enableRIDBags=true, closing=false, reconnectNow=false, protocol=null, queue=[], writes=[], remaining=null, get=function () { [native code] }, set=function () { [native code] }, list=function () { [native code] }, domain=null, , _eventsCount=0, _maxListeners=Infinity, serverName=local, dbName=, schemaFilePath=orient_connect.json, name=local, host=localhost, port=2424, username=root, password=root
2016-01-20T19:03:04.116Z - info: inside openDb
2016-01-20T19:03:04.116Z - info: inside openDb2
2016-01-20T19:04:28.393Z - info: oServer.serverNamelocal
2016-01-20T19:04:28.397Z - info: THE END
2016-01-20T19:04:28.410Z - info: inside oServer.start().then
2016-01-20T19:04:28.413Z - info:  useToken=false, error=function () { [native code] }, log=function () { [native code] }, debug=function () {}, domain=null, reset=function () { [native code] }, _eventsCount=1, _maxListeners=Infinity, connecting=false, closing=false, retries=0, maxRetries=5, host=localhost, port=2424, username=root, password=root, enableRIDBags=true, useToken=false, token=null, sessionId=-1, error=function () { [native code] }, log=function () { [native code] }, debug=function () {}, domain=null, update-config=function () { [native code] }, reconnectNow=function () { [native code] }, error=function () { [native code] }, _eventsCount=3, _maxListeners=Infinity, host=localhost, port=2424, socket=null, $ref=$["server"]["transport"]["logger"], enableRIDBags=true, closing=false, reconnectNow=false, protocol=null, queue=[], writes=[], remaining=null, get=function () { [native code] }, set=function () { [native code] }, list=function () { [native code] }, domain=null, , _eventsCount=0, _maxListeners=Infinity, serverName=local, dbName=, schemaFilePath=orient_connect.json, name=local, host=localhost, port=2424, username=root, password=root
2016-01-20T19:04:28.414Z - info: inside openDb
2016-01-20T19:04:28.414Z - info: inside openDb2
2016-01-20T19:04:53.251Z - info: oServer.serverNamelocal
2016-01-20T19:04:53.255Z - info: THE END
2016-01-20T19:04:53.266Z - info: inside oServer.start().then
2016-01-20T19:04:53.267Z - info: inside openDb
2016-01-20T19:04:53.267Z - info: inside openDb2
2016-01-20T19:06:01.701Z - info: oServer.serverNamelocal
2016-01-20T19:06:01.705Z - info: THE END
2016-01-20T19:06:01.718Z - info: inside oServer.start().then
2016-01-20T19:06:01.718Z - info: inside openDb
2016-01-20T19:06:01.720Z - info: inside openDb2
2016-01-20T19:06:01.720Z - info: in openDb.then()
2016-01-20T19:06:21.395Z - info: oServer.serverNamelocal
2016-01-20T19:06:21.399Z - info: THE END
2016-01-20T19:06:21.410Z - info: inside oServer.start().then
2016-01-20T19:06:21.410Z - info: inside openDb
2016-01-20T19:06:21.411Z - info: inside openDb2
2016-01-20T19:08:29.909Z - info: oServer.serverNamelocal
2016-01-20T19:08:29.913Z - info: THE END
2016-01-20T19:08:29.928Z - info: inside oServer.start().then
2016-01-20T19:08:29.928Z - info: inside openDb
2016-01-20T19:08:29.929Z - info: inside openDb2
2016-01-20T19:08:29.930Z - info:  TypeError: Cannot read property 'list' of undefined
    at f:\dev\sputnik\orientEngine.js:106:15
    at orientServer.openDb.Promise [as openDb] (f:\dev\sputnik\orientEngine.js:102:9)
    at f:\dev\sputnik\builder.js:234:19
    at process._tickCallback (node.js:368:9)
2016-01-20T19:09:56.750Z - info: oServer.serverNamelocal
2016-01-20T19:09:56.754Z - info: THE END
2016-01-20T19:09:56.764Z - info: inside oServer.start().then
2016-01-20T19:09:56.764Z - info: inside openDb
2016-01-20T19:09:56.765Z - info: inside openDb2
2016-01-20T19:09:56.765Z - info: undefined
2016-01-20T19:09:56.767Z - info:  TypeError: Cannot read property 'list' of undefined
    at f:\dev\sputnik\orientEngine.js:107:15
    at orientServer.openDb.Promise [as openDb] (f:\dev\sputnik\orientEngine.js:102:9)
    at f:\dev\sputnik\builder.js:234:19
    at process._tickCallback (node.js:368:9)
2016-01-20T19:12:42.258Z - info: oServer.serverNamelocal
2016-01-20T19:12:42.262Z - info: THE END
2016-01-20T19:12:42.272Z - info: inside oServer.start().then
2016-01-20T19:12:42.273Z - info: inside openDb
2016-01-20T19:12:42.274Z - info: inside openDb2
2016-01-20T19:12:42.278Z - info:  useToken=false, error=function () { [native code] }, log=function () { [native code] }, debug=function () {}, domain=null, reset=function () { [native code] }, _eventsCount=1, _maxListeners=Infinity, connecting=false, closing=false, retries=0, maxRetries=5, host=localhost, port=2424, username=root, password=root, enableRIDBags=true, useToken=false, token=null, sessionId=-1, error=function () { [native code] }, log=function () { [native code] }, debug=function () {}, domain=null, update-config=function () { [native code] }, reconnectNow=function () { [native code] }, error=function () { [native code] }, _eventsCount=3, _maxListeners=Infinity, host=localhost, port=2424, socket=null, $ref=$["transport"]["logger"], enableRIDBags=true, closing=false, reconnectNow=false, protocol=null, queue=[], writes=[], remaining=null, get=function () { [native code] }, set=function () { [native code] }, list=function () { [native code] }, domain=null, , _eventsCount=0, _maxListeners=Infinity
2016-01-20T19:12:42.353Z - info: no.of of dbs:1
2016-01-20T19:12:42.354Z - info: database 12313 not found. Creating one
2016-01-20T19:14:21.441Z - info: oServer.serverNamelocal
2016-01-20T19:14:21.446Z - info: THE END
2016-01-20T19:14:21.460Z - info: inside oServer.start().then
2016-01-20T19:14:21.461Z - info: inside openDb
2016-01-20T19:14:21.461Z - info: inside openDb2
2016-01-20T19:14:21.465Z - info:  useToken=false, error=function () { [native code] }, log=function () { [native code] }, debug=function () {}, domain=null, reset=function () { [native code] }, _eventsCount=1, _maxListeners=Infinity, connecting=false, closing=false, retries=0, maxRetries=5, host=localhost, port=2424, username=root, password=root, enableRIDBags=true, useToken=false, token=null, sessionId=-1, error=function () { [native code] }, log=function () { [native code] }, debug=function () {}, domain=null, update-config=function () { [native code] }, reconnectNow=function () { [native code] }, error=function () { [native code] }, _eventsCount=3, _maxListeners=Infinity, host=localhost, port=2424, socket=null, $ref=$["transport"]["logger"], enableRIDBags=true, closing=false, reconnectNow=false, protocol=null, queue=[], writes=[], remaining=null, get=function () { [native code] }, set=function () { [native code] }, list=function () { [native code] }, domain=null, , _eventsCount=0, _maxListeners=Infinity
2016-01-20T19:14:21.517Z - info: no.of of dbs:1
2016-01-20T19:14:21.518Z - info: database 12313 not found. Creating one
2016-01-20T19:14:21.519Z - info: Orient Database not found
2016-01-20T19:14:21.520Z - info: in openDb.then()
2016-01-20T19:24:35.843Z - info: oServer.serverNamelocal
2016-01-20T19:24:35.846Z - info: THE END
2016-01-20T19:24:35.857Z - info: inside oServer.start().then
2016-01-20T19:24:35.858Z - info: inside openDb
2016-01-20T19:24:35.860Z - info: inside openDb2
2016-01-20T19:24:35.867Z - info:  useToken=false, error=function () { [native code] }, log=function () { [native code] }, debug=function () {}, domain=null, reset=function () { [native code] }, _eventsCount=1, _maxListeners=Infinity, connecting=false, closing=false, retries=0, maxRetries=5, host=localhost, port=2424, username=root, password=root, enableRIDBags=true, useToken=false, token=null, sessionId=-1, error=function () { [native code] }, log=function () { [native code] }, debug=function () {}, domain=null, update-config=function () { [native code] }, reconnectNow=function () { [native code] }, error=function () { [native code] }, _eventsCount=3, _maxListeners=Infinity, host=localhost, port=2424, socket=null, $ref=$["transport"]["logger"], enableRIDBags=true, closing=false, reconnectNow=false, protocol=null, queue=[], writes=[], remaining=null, get=function () { [native code] }, set=function () { [native code] }, list=function () { [native code] }, domain=null, , _eventsCount=0, _maxListeners=Infinity
2016-01-20T19:24:35.927Z - info: no.of of dbs:1
2016-01-20T19:24:35.927Z - info: database 12313 not found. Creating one
2016-01-20T19:24:35.929Z - info: Orient Database cannot be created
2016-01-20T19:26:07.249Z - info: oServer.serverNamelocal
2016-01-20T19:26:07.253Z - info: THE END
2016-01-20T19:26:07.267Z - info: inside oServer.start().then
2016-01-20T19:26:07.269Z - info: inside openDb
2016-01-20T19:26:07.270Z - info: inside openDb2
2016-01-20T19:26:07.274Z - info:  useToken=false, error=function () { [native code] }, log=function () { [native code] }, debug=function () {}, domain=null, reset=function () { [native code] }, _eventsCount=1, _maxListeners=Infinity, connecting=false, closing=false, retries=0, maxRetries=5, host=localhost, port=2424, username=root, password=root, enableRIDBags=true, useToken=false, token=null, sessionId=-1, error=function () { [native code] }, log=function () { [native code] }, debug=function () {}, domain=null, update-config=function () { [native code] }, reconnectNow=function () { [native code] }, error=function () { [native code] }, _eventsCount=3, _maxListeners=Infinity, host=localhost, port=2424, socket=null, $ref=$["transport"]["logger"], enableRIDBags=true, closing=false, reconnectNow=false, protocol=null, queue=[], writes=[], remaining=null, get=function () { [native code] }, set=function () { [native code] }, list=function () { [native code] }, domain=null, , _eventsCount=0, _maxListeners=Infinity
2016-01-20T19:26:07.329Z - info: no.of of dbs:1
2016-01-20T19:26:07.329Z - info: database 12313 not found. Creating one
2016-01-20T19:26:07.331Z - info: Orient Database cannot be createdTypeError: Cannot set property 'name' of undefined
2016-01-20T19:31:35.345Z - info: oServer.serverNamelocal
2016-01-20T19:31:35.349Z - info: THE END
2016-01-20T19:31:35.361Z - info: inside oServer.start().then
2016-01-20T19:31:35.362Z - info: inside openDb
2016-01-20T19:31:35.363Z - info: inside openDb2
2016-01-20T19:31:35.368Z - info:  useToken=false, error=function () { [native code] }, log=function () { [native code] }, debug=function () {}, domain=null, reset=function () { [native code] }, _eventsCount=1, _maxListeners=Infinity, connecting=false, closing=false, retries=0, maxRetries=5, host=localhost, port=2424, username=root, password=root, enableRIDBags=true, useToken=false, token=null, sessionId=-1, error=function () { [native code] }, log=function () { [native code] }, debug=function () {}, domain=null, update-config=function () { [native code] }, reconnectNow=function () { [native code] }, error=function () { [native code] }, _eventsCount=3, _maxListeners=Infinity, host=localhost, port=2424, socket=null, $ref=$["transport"]["logger"], enableRIDBags=true, closing=false, reconnectNow=false, protocol=null, queue=[], writes=[], remaining=null, get=function () { [native code] }, set=function () { [native code] }, list=function () { [native code] }, domain=null, , _eventsCount=0, _maxListeners=Infinity
2016-01-20T19:31:35.432Z - info: no.of of dbs:1
2016-01-20T19:31:35.433Z - info: database 12313 not found. Creating one
2016-01-20T19:31:45.731Z - info: created db=12313
2016-01-20T19:36:52.700Z - info: oServer.serverNamelocal
2016-01-20T19:36:52.707Z - info: THE END
2016-01-20T19:36:52.727Z - info: inside oServer.start().then
2016-01-20T19:36:52.730Z - info: inside openDb
2016-01-20T19:36:52.735Z - info: inside openDb2
2016-01-20T19:36:52.741Z - info:  useToken=false, error=function () { [native code] }, log=function () { [native code] }, debug=function () {}, domain=null, reset=function () { [native code] }, _eventsCount=1, _maxListeners=Infinity, connecting=false, closing=false, retries=0, maxRetries=5, host=localhost, port=2424, username=root, password=root, enableRIDBags=true, useToken=false, token=null, sessionId=-1, error=function () { [native code] }, log=function () { [native code] }, debug=function () {}, domain=null, update-config=function () { [native code] }, reconnectNow=function () { [native code] }, error=function () { [native code] }, _eventsCount=3, _maxListeners=Infinity, host=localhost, port=2424, socket=null, $ref=$["transport"]["logger"], enableRIDBags=true, closing=false, reconnectNow=false, protocol=null, queue=[], writes=[], remaining=null, get=function () { [native code] }, set=function () { [native code] }, list=function () { [native code] }, domain=null, , _eventsCount=0, _maxListeners=Infinity
2016-01-20T19:36:52.806Z - info: no.of of dbs:2
2016-01-20T19:36:52.807Z - info: database 12313 not found. Creating one
2016-01-20T19:37:57.320Z - info: oServer.serverNamelocal
2016-01-20T19:37:57.325Z - info: THE END
2016-01-20T19:37:57.340Z - info: inside oServer.start().then
2016-01-20T19:37:57.340Z - info: inside openDb
2016-01-20T19:37:57.340Z - info: inside openDb2
2016-01-20T19:37:57.345Z - info:  useToken=false, error=function () { [native code] }, log=function () { [native code] }, debug=function () {}, domain=null, reset=function () { [native code] }, _eventsCount=1, _maxListeners=Infinity, connecting=false, closing=false, retries=0, maxRetries=5, host=localhost, port=2424, username=root, password=root, enableRIDBags=true, useToken=false, token=null, sessionId=-1, error=function () { [native code] }, log=function () { [native code] }, debug=function () {}, domain=null, update-config=function () { [native code] }, reconnectNow=function () { [native code] }, error=function () { [native code] }, _eventsCount=3, _maxListeners=Infinity, host=localhost, port=2424, socket=null, $ref=$["transport"]["logger"], enableRIDBags=true, closing=false, reconnectNow=false, protocol=null, queue=[], writes=[], remaining=null, get=function () { [native code] }, set=function () { [native code] }, list=function () { [native code] }, domain=null, , _eventsCount=0, _maxListeners=Infinity
2016-01-20T19:37:57.399Z - info: no.of of dbs:[object Object],[object Object]
2016-01-20T19:37:57.400Z - info: database 12313 not found. Creating one
2016-01-20T19:38:22.067Z - info: oServer.serverNamelocal
2016-01-20T19:38:22.072Z - info: THE END
2016-01-20T19:38:22.086Z - info: inside oServer.start().then
2016-01-20T19:38:22.087Z - info: inside openDb
2016-01-20T19:38:22.088Z - info: inside openDb2
2016-01-20T19:38:22.092Z - info:  useToken=false, error=function () { [native code] }, log=function () { [native code] }, debug=function () {}, domain=null, reset=function () { [native code] }, _eventsCount=1, _maxListeners=Infinity, connecting=false, closing=false, retries=0, maxRetries=5, host=localhost, port=2424, username=root, password=root, enableRIDBags=true, useToken=false, token=null, sessionId=-1, error=function () { [native code] }, log=function () { [native code] }, debug=function () {}, domain=null, update-config=function () { [native code] }, reconnectNow=function () { [native code] }, error=function () { [native code] }, _eventsCount=3, _maxListeners=Infinity, host=localhost, port=2424, socket=null, $ref=$["transport"]["logger"], enableRIDBags=true, closing=false, reconnectNow=false, protocol=null, queue=[], writes=[], remaining=null, get=function () { [native code] }, set=function () { [native code] }, list=function () { [native code] }, domain=null, , _eventsCount=0, _maxListeners=Infinity
2016-01-20T19:38:49.429Z - info: oServer.serverNamelocal
2016-01-20T19:38:49.433Z - info: THE END
2016-01-20T19:38:49.448Z - info: inside oServer.start().then
2016-01-20T19:38:49.449Z - info: inside openDb
2016-01-20T19:38:49.450Z - info: inside openDb2
2016-01-20T19:38:49.455Z - info:  useToken=false, error=function () { [native code] }, log=function () { [native code] }, debug=function () {}, domain=null, reset=function () { [native code] }, _eventsCount=1, _maxListeners=Infinity, connecting=false, closing=false, retries=0, maxRetries=5, host=localhost, port=2424, username=root, password=root, enableRIDBags=true, useToken=false, token=null, sessionId=-1, error=function () { [native code] }, log=function () { [native code] }, debug=function () {}, domain=null, update-config=function () { [native code] }, reconnectNow=function () { [native code] }, error=function () { [native code] }, _eventsCount=3, _maxListeners=Infinity, host=localhost, port=2424, socket=null, $ref=$["transport"]["logger"], enableRIDBags=true, closing=false, reconnectNow=false, protocol=null, queue=[], writes=[], remaining=null, get=function () { [native code] }, set=function () { [native code] }, list=function () { [native code] }, domain=null, , _eventsCount=0, _maxListeners=Infinity
2016-01-20T19:38:49.510Z - info: no.of of dbs:[object Object],[object Object]
2016-01-20T19:38:49.511Z - info: database 12313 not found. Creating one
2016-01-20T19:39:25.094Z - info: oServer.serverNamelocal
2016-01-20T19:39:25.099Z - info: THE END
2016-01-20T19:39:25.113Z - info: inside oServer.start().then
2016-01-20T19:39:25.114Z - info: inside openDb
2016-01-20T19:39:25.114Z - info: inside openDb2
2016-01-20T19:39:25.119Z - info:  useToken=false, error=function () { [native code] }, log=function () { [native code] }, debug=function () {}, domain=null, reset=function () { [native code] }, _eventsCount=1, _maxListeners=Infinity, connecting=false, closing=false, retries=0, maxRetries=5, host=localhost, port=2424, username=root, password=root, enableRIDBags=true, useToken=false, token=null, sessionId=-1, error=function () { [native code] }, log=function () { [native code] }, debug=function () {}, domain=null, update-config=function () { [native code] }, reconnectNow=function () { [native code] }, error=function () { [native code] }, _eventsCount=3, _maxListeners=Infinity, host=localhost, port=2424, socket=null, $ref=$["transport"]["logger"], enableRIDBags=true, closing=false, reconnectNow=false, protocol=null, queue=[], writes=[], remaining=null, get=function () { [native code] }, set=function () { [native code] }, list=function () { [native code] }, domain=null, , _eventsCount=0, _maxListeners=Infinity
2016-01-20T19:39:25.184Z - info: no.of of dbs:GratefulDeadConcerts
2016-01-20T19:39:25.184Z - info: database 12313 not found. Creating one
2016-01-20T19:46:25.081Z - info: oServer.serverNamelocal
2016-01-20T19:46:25.087Z - info: THE END
2016-01-20T19:46:25.108Z - info: inside oServer.start().then
2016-01-20T19:46:25.109Z - info: inside openDb
2016-01-20T19:46:25.109Z - info: inside openDb2
2016-01-20T19:46:25.113Z - info:  useToken=false, error=function () { [native code] }, log=function () { [native code] }, debug=function () {}, domain=null, reset=function () { [native code] }, _eventsCount=1, _maxListeners=Infinity, connecting=false, closing=false, retries=0, maxRetries=5, host=localhost, port=2424, username=root, password=root, enableRIDBags=true, useToken=false, token=null, sessionId=-1, error=function () { [native code] }, log=function () { [native code] }, debug=function () {}, domain=null, update-config=function () { [native code] }, reconnectNow=function () { [native code] }, error=function () { [native code] }, _eventsCount=3, _maxListeners=Infinity, host=localhost, port=2424, socket=null, $ref=$["transport"]["logger"], enableRIDBags=true, closing=false, reconnectNow=false, protocol=null, queue=[], writes=[], remaining=null, get=function () { [native code] }, set=function () { [native code] }, list=function () { [native code] }, domain=null, , _eventsCount=0, _maxListeners=Infinity
2016-01-20T19:46:25.169Z - info: no.of of dbs:GratefulDeadConcerts
2016-01-20T19:46:25.177Z - info: database 12313 not found. Creating one
2016-01-20T19:47:22.697Z - info: oServer.serverNamelocal
2016-01-20T19:47:22.701Z - info: THE END
2016-01-20T19:47:22.714Z - info: inside oServer.start().then
2016-01-20T19:47:22.715Z - info: inside openDb
2016-01-20T19:47:22.716Z - info: inside openDb2
2016-01-20T19:47:22.719Z - info:  useToken=false, error=function () { [native code] }, log=function () { [native code] }, debug=function () {}, domain=null, reset=function () { [native code] }, _eventsCount=1, _maxListeners=Infinity, connecting=false, closing=false, retries=0, maxRetries=5, host=localhost, port=2424, username=root, password=root, enableRIDBags=true, useToken=false, token=null, sessionId=-1, error=function () { [native code] }, log=function () { [native code] }, debug=function () {}, domain=null, update-config=function () { [native code] }, reconnectNow=function () { [native code] }, error=function () { [native code] }, _eventsCount=3, _maxListeners=Infinity, host=localhost, port=2424, socket=null, $ref=$["transport"]["logger"], enableRIDBags=true, closing=false, reconnectNow=false, protocol=null, queue=[], writes=[], remaining=null, get=function () { [native code] }, set=function () { [native code] }, list=function () { [native code] }, domain=null, , _eventsCount=0, _maxListeners=Infinity
2016-01-20T19:47:22.777Z - info: no.of of dbs:GratefulDeadConcerts
2016-01-20T19:47:22.778Z - info: database 12313 not found. Creating one
2016-01-20T19:48:03.614Z - info: oServer.serverNamelocal
2016-01-20T19:48:03.618Z - info: THE END
2016-01-20T19:48:03.634Z - info: inside oServer.start().then
2016-01-20T19:48:03.634Z - info: inside openDb
2016-01-20T19:48:03.635Z - info: inside openDb2
2016-01-20T19:48:03.639Z - info:  useToken=false, error=function () { [native code] }, log=function () { [native code] }, debug=function () {}, domain=null, reset=function () { [native code] }, _eventsCount=1, _maxListeners=Infinity, connecting=false, closing=false, retries=0, maxRetries=5, host=localhost, port=2424, username=root, password=root, enableRIDBags=true, useToken=false, token=null, sessionId=-1, error=function () { [native code] }, log=function () { [native code] }, debug=function () {}, domain=null, update-config=function () { [native code] }, reconnectNow=function () { [native code] }, error=function () { [native code] }, _eventsCount=3, _maxListeners=Infinity, host=localhost, port=2424, socket=null, $ref=$["transport"]["logger"], enableRIDBags=true, closing=false, reconnectNow=false, protocol=null, queue=[], writes=[], remaining=null, get=function () { [native code] }, set=function () { [native code] }, list=function () { [native code] }, domain=null, , _eventsCount=0, _maxListeners=Infinity
2016-01-20T19:48:03.704Z - info: no.of of dbs:GratefulDeadConcerts
2016-01-20T19:48:31.595Z - info: oServer.serverNamelocal
2016-01-20T19:48:31.599Z - info: THE END
2016-01-20T19:48:31.610Z - info: inside oServer.start().then
2016-01-20T19:48:31.610Z - info: inside openDb
2016-01-20T19:48:31.611Z - info: inside openDb2
2016-01-20T19:48:31.614Z - info:  useToken=false, error=function () { [native code] }, log=function () { [native code] }, debug=function () {}, domain=null, reset=function () { [native code] }, _eventsCount=1, _maxListeners=Infinity, connecting=false, closing=false, retries=0, maxRetries=5, host=localhost, port=2424, username=root, password=root, enableRIDBags=true, useToken=false, token=null, sessionId=-1, error=function () { [native code] }, log=function () { [native code] }, debug=function () {}, domain=null, update-config=function () { [native code] }, reconnectNow=function () { [native code] }, error=function () { [native code] }, _eventsCount=3, _maxListeners=Infinity, host=localhost, port=2424, socket=null, $ref=$["transport"]["logger"], enableRIDBags=true, closing=false, reconnectNow=false, protocol=null, queue=[], writes=[], remaining=null, get=function () { [native code] }, set=function () { [native code] }, list=function () { [native code] }, domain=null, , _eventsCount=0, _maxListeners=Infinity
2016-01-20T19:48:31.682Z - info: no.of of dbs:GratefulDeadConcerts
2016-01-20T19:48:31.683Z - info: in openDb.then()
2016-01-20T19:50:38.342Z - info: oServer.serverNamelocal
2016-01-20T19:50:38.346Z - info: THE END
2016-01-20T19:50:38.360Z - info: inside oServer.start().then
2016-01-20T19:50:38.361Z - info: inside openDb
2016-01-20T19:50:38.362Z - info: inside openDb2
2016-01-20T19:50:38.366Z - info:  useToken=false, error=function () { [native code] }, log=function () { [native code] }, debug=function () {}, domain=null, reset=function () { [native code] }, _eventsCount=1, _maxListeners=Infinity, connecting=false, closing=false, retries=0, maxRetries=5, host=localhost, port=2424, username=root, password=root, enableRIDBags=true, useToken=false, token=null, sessionId=-1, error=function () { [native code] }, log=function () { [native code] }, debug=function () {}, domain=null, update-config=function () { [native code] }, reconnectNow=function () { [native code] }, error=function () { [native code] }, _eventsCount=3, _maxListeners=Infinity, host=localhost, port=2424, socket=null, $ref=$["transport"]["logger"], enableRIDBags=true, closing=false, reconnectNow=false, protocol=null, queue=[], writes=[], remaining=null, get=function () { [native code] }, set=function () { [native code] }, list=function () { [native code] }, domain=null, , _eventsCount=0, _maxListeners=Infinity
2016-01-20T19:50:38.446Z - info: no.of of dbs:GratefulDeadConcerts
2016-01-20T19:50:38.447Z - info: found the database:12313
2016-01-20T19:50:38.448Z - info: in openDb.then()
2016-01-20T19:52:51.000Z - info: oServer.serverNamelocal
2016-01-20T19:52:51.005Z - info: THE END
2016-01-20T19:52:51.019Z - info: inside oServer.start().then
2016-01-20T19:52:51.094Z - info: database mydb not found. Creating one
2016-01-20T19:52:58.269Z - info: created db=mydb
2016-01-20T19:52:58.270Z - info: database created:undefined
2016-01-20T19:52:58.273Z - info: in openDb.then()
2016-01-21T18:07:16.163Z - info: oServer.serverNamelocal
2016-01-21T18:07:16.165Z - info: in init catch
2016-01-21T18:07:16.165Z - error: In final catch
2016-01-21T18:07:16.166Z - info: Argument for db name missing
2016-01-21T18:07:16.166Z - info: THE END
2016-01-21T18:07:29.506Z - info: oServer.serverNamelocal
2016-01-21T18:07:29.510Z - info: THE END
2016-01-21T18:07:29.527Z - info: inside oServer.start().then
2016-01-21T18:07:29.998Z - info: found the database:mydb
2016-01-21T18:07:30.001Z - info: in openDb.then()
2016-01-21T18:12:12.984Z - info: oServer.serverNamelocal
2016-01-21T18:12:12.988Z - info: THE END
2016-01-21T18:12:12.998Z - info: inside oServer.start().then
2016-01-21T18:12:13.055Z - info: found the database:mydb
2016-01-21T18:12:13.057Z - info: in openDb.then()
2016-01-21T18:12:13.064Z - info: build success
2016-01-21T18:14:28.440Z - info: oServer.serverNamelocal
2016-01-21T18:14:28.444Z - info: THE END
2016-01-21T18:14:28.453Z - info: inside oServer.start().then
2016-01-21T18:14:28.509Z - info: found the database:mydb
2016-01-21T18:14:28.510Z - info: in openDb.then()
2016-01-21T18:14:28.520Z - info: build success
2016-01-21T18:16:40.275Z - info: oServer.serverNamelocal
2016-01-21T18:16:40.280Z - info: THE END
2016-01-21T18:16:40.294Z - info: inside oServer.start().then
2016-01-21T18:16:40.348Z - info: found the database:mydb
2016-01-21T18:16:40.350Z - info: in openDb.then()
2016-01-21T18:16:40.359Z - info: build success
2016-01-21T18:17:19.845Z - info: oServer.serverNamelocal
2016-01-21T18:17:19.856Z - info: THE END
2016-01-21T18:17:19.874Z - info: inside oServer.start().then
2016-01-21T18:17:19.937Z - info: found the database:mydb
2016-01-21T18:17:19.938Z - info: in openDb.then()
2016-01-21T18:17:19.948Z - info: build success
2016-01-21T18:33:20.387Z - info: oServer.serverNamelocal
2016-01-21T18:33:20.392Z - info: THE END
2016-01-21T18:33:20.405Z - info: inside oServer.start().then
2016-01-21T18:33:20.467Z - info: found the database:mydb
2016-01-21T18:33:20.469Z - info: in openDb.then()
2016-01-21T18:33:20.478Z - info: build success
2016-01-21T18:33:26.303Z - info: created a Classundefined
2016-01-21T18:39:47.586Z - info: oServer.serverNamelocal
2016-01-21T18:39:47.591Z - info: THE END
2016-01-21T18:39:47.603Z - info: inside oServer.start().then
2016-01-21T18:39:47.661Z - info: found the database:mydb
2016-01-21T18:39:47.662Z - info: in openDb.then()
2016-01-21T18:39:47.675Z - info: build success
2016-01-21T18:39:53.007Z - info: 10
2016-01-21T18:39:53.009Z - info: created a Classundefined
2016-01-21T19:04:53.365Z - info: oServer.serverNamelocal
2016-01-21T19:04:53.373Z - info: THE END
2016-01-21T19:04:53.387Z - info: inside oServer.start().then
2016-01-21T19:04:53.449Z - info: found the database:mydb
2016-01-21T19:04:53.451Z - info: in openDb.then()
2016-01-21T19:04:53.458Z - info: build success
2016-01-21T19:04:59.149Z - info: 10
2016-01-21T19:05:01.443Z - info: created a Class[object Object]
2016-01-21T19:05:54.539Z - info: oServer.serverNamelocal
2016-01-21T19:05:54.549Z - info: THE END
2016-01-21T19:05:54.575Z - info: inside oServer.start().then
2016-01-21T19:05:54.640Z - info: found the database:mydb
2016-01-21T19:05:54.642Z - info: in openDb.then()
2016-01-21T19:05:54.649Z - info: build success
2016-01-21T19:06:00.377Z - info: 11
2016-01-21T19:06:00.378Z - info: class already present
2016-01-21T19:23:02.975Z - info: oServer.serverNamelocal
2016-01-21T19:23:02.977Z - info: THE END
2016-01-21T19:23:02.989Z - info: inside oServer.start().then
2016-01-21T19:23:03.047Z - info: found the database:mydb
2016-01-21T19:23:03.049Z - info: in openDb.then()
2016-01-21T19:23:03.058Z - info: build success
2016-01-21T19:23:08.756Z - info: 11
2016-01-21T19:25:15.654Z - info: oServer.serverNamelocal
2016-01-21T19:25:15.658Z - info: THE END
2016-01-21T19:25:15.670Z - info: inside oServer.start().then
2016-01-21T19:25:15.725Z - info: database mydb2 not found. Creating one
2016-01-21T19:25:15.730Z - error:  TypeError: Cannot read property 'class' of undefined
    at F:\dev\sputnik\orientEngine.js:149:9
    at orientServer.openDb.cur.server.list.then.orientServer.createDb.orientServer.listClasses (F:\dev\sputnik\orientEngine.js:147:9)
    at Server.<anonymous> (F:\dev\sputnik\orientEngine.js:114:16)
    at Server.tryCatcher (F:\dev\sputnik\node_modules\orientjs\node_modules\bluebird\js\main\util.js:26:23)
    at Promise._settlePromiseFromHandler (F:\dev\sputnik\node_modules\orientjs\node_modules\bluebird\js\main\promise.js:503:31)
    at Promise._settlePromiseAt (F:\dev\sputnik\node_modules\orientjs\node_modules\bluebird\js\main\promise.js:577:18)
    at Promise._settlePromises (F:\dev\sputnik\node_modules\orientjs\node_modules\bluebird\js\main\promise.js:693:14)
    at Async._drainQueue (F:\dev\sputnik\node_modules\orientjs\node_modules\bluebird\js\main\async.js:123:16)
    at Async._drainQueues (F:\dev\sputnik\node_modules\orientjs\node_modules\bluebird\js\main\async.js:133:10)
    at Immediate.Async.drainQueues [as _onImmediate] (F:\dev\sputnik\node_modules\orientjs\node_modules\bluebird\js\main\async.js:15:14)
    at processImmediate [as _immediateCallback] (timers.js:383:17)
2016-01-21T19:25:23.229Z - info: created db=mydb2
2016-01-21T19:25:23.230Z - info: database created:undefined
2016-01-21T19:25:23.231Z - info: in openDb.then()
2016-01-21T19:25:23.272Z - info: build success
2016-01-21T19:25:29.091Z - info: 0
2016-01-21T19:30:04.208Z - info: oServer.serverNamelocal
2016-01-21T19:30:04.211Z - info: THE END
2016-01-21T19:30:04.225Z - info: inside oServer.start().then
2016-01-21T19:30:04.281Z - info: found the database:mydb2
2016-01-21T19:30:04.283Z - info: in openDb.then()
2016-01-21T19:30:04.301Z - info: build success
2016-01-21T19:30:09.884Z - info: 10
2016-01-21T19:31:53.089Z - info: oServer.serverNamelocal
2016-01-21T19:31:53.096Z - info: THE END
2016-01-21T19:31:53.111Z - info: inside oServer.start().then
2016-01-21T19:31:53.187Z - info: found the database:mydb2
2016-01-21T19:31:53.189Z - info: in openDb.then()
2016-01-21T19:31:53.203Z - info: build success
2016-01-21T19:31:58.487Z - info: 10
2016-01-21T19:33:47.062Z - info: oServer.serverNamelocal
2016-01-21T19:33:47.066Z - info: THE END
2016-01-21T19:33:47.079Z - info: inside oServer.start().then
2016-01-21T19:33:47.134Z - info: found the database:mydb2
2016-01-21T19:33:47.136Z - info: in openDb.then()
2016-01-21T19:33:47.144Z - info: build success
2016-01-21T19:33:53.460Z - info: 10
2016-01-21T19:35:42.257Z - info: oServer.serverNamelocal
2016-01-21T19:35:42.262Z - info: THE END
2016-01-21T19:35:42.275Z - info: inside oServer.start().then
2016-01-21T19:35:42.333Z - info: found the database:mydb2
2016-01-21T19:35:42.335Z - info: in openDb.then()
2016-01-21T19:35:42.342Z - info: build success
2016-01-21T19:35:47.740Z - info: 10
2016-01-21T19:38:54.076Z - info: oServer.serverNamelocal
2016-01-21T19:38:54.079Z - info: THE END
2016-01-21T19:38:54.093Z - info: inside oServer.start().then
2016-01-21T19:38:54.157Z - info: found the database:mydb2
2016-01-21T19:38:54.159Z - info: in openDb.then()
2016-01-21T19:38:54.167Z - info: build success
2016-01-21T19:38:59.785Z - info: 10
2016-01-21T19:39:24.797Z - info: oServer.serverNamelocal
2016-01-21T19:39:24.802Z - info: THE END
2016-01-21T19:39:24.817Z - info: inside oServer.start().then
2016-01-21T19:39:24.873Z - info: found the database:mydb2
2016-01-21T19:39:24.875Z - info: in openDb.then()
2016-01-21T19:39:24.884Z - info: build success
2016-01-21T19:39:30.338Z - info: 10
2016-01-21T19:41:06.150Z - info: oServer.serverNamelocal
2016-01-21T19:41:06.155Z - info: THE END
2016-01-21T19:41:06.165Z - info: inside oServer.start().then
2016-01-21T19:41:06.256Z - info: found the database:mydb2
2016-01-21T19:41:06.258Z - info: in openDb.then()
2016-01-21T19:41:06.264Z - info: build success
2016-01-21T19:41:11.785Z - info: 10
2016-01-21T19:41:11.785Z - info: in insertVertices
2016-01-21T19:42:29.432Z - info: oServer.serverNamelocal
2016-01-21T19:42:29.436Z - info: THE END
2016-01-21T19:42:29.446Z - info: inside oServer.start().then
2016-01-21T19:42:29.512Z - info: found the database:mydb2
2016-01-21T19:42:29.514Z - info: in openDb.then()
2016-01-21T19:42:29.521Z - info: build success
2016-01-21T19:42:34.864Z - info: 10
2016-01-21T19:43:47.911Z - info: oServer.serverNamelocal
2016-01-21T19:43:47.915Z - info: THE END
2016-01-21T19:43:47.928Z - info: inside oServer.start().then
2016-01-21T19:43:47.986Z - info: found the database:mydb2
2016-01-21T19:43:47.987Z - info: in openDb.then()
2016-01-21T19:43:47.996Z - info: build success
2016-01-21T19:43:53.281Z - info: 10
2016-01-21T19:44:07.434Z - info: oServer.serverNamelocal
2016-01-21T19:44:07.437Z - info: THE END
2016-01-21T19:44:07.446Z - info: inside oServer.start().then
2016-01-21T19:44:07.502Z - info: found the database:mydb2
2016-01-21T19:44:07.504Z - info: in openDb.then()
2016-01-21T19:44:07.510Z - info: build success
2016-01-21T19:44:12.543Z - info: 10
2016-01-21T19:45:00.815Z - info: oServer.serverNamelocal
2016-01-21T19:45:00.820Z - info: THE END
2016-01-21T19:45:00.838Z - info: inside oServer.start().then
2016-01-21T19:45:00.892Z - info: found the database:mydb2
2016-01-21T19:45:00.894Z - info: in openDb.then()
2016-01-21T19:45:00.901Z - info: build success
2016-01-21T19:45:06.177Z - info: 10
2016-01-21T19:46:16.146Z - info: oServer.serverNamelocal
2016-01-21T19:46:16.152Z - info: THE END
2016-01-21T19:46:16.168Z - info: inside oServer.start().then
2016-01-21T19:46:16.227Z - info: found the database:mydb2
2016-01-21T19:46:16.229Z - info: in openDb.then()
2016-01-21T19:46:16.236Z - info: build success
2016-01-21T19:46:21.648Z - info: 10
2016-01-21T19:46:42.152Z - info: oServer.serverNamelocal
2016-01-21T19:46:42.156Z - info: THE END
2016-01-21T19:46:42.167Z - info: inside oServer.start().then
2016-01-21T19:46:42.226Z - info: found the database:mydb2
2016-01-21T19:46:42.227Z - info: in openDb.then()
2016-01-21T19:46:42.235Z - info: build success
2016-01-21T19:46:47.761Z - info: 10
2016-01-21T19:47:17.383Z - info: oServer.serverNamelocal
2016-01-21T19:47:17.387Z - info: THE END
2016-01-21T19:47:17.404Z - info: inside oServer.start().then
2016-01-21T19:47:17.459Z - info: found the database:mydb2
2016-01-21T19:47:17.461Z - info: in openDb.then()
2016-01-21T19:47:17.469Z - info: build success
2016-01-21T19:47:22.819Z - info: 10
2016-01-21T19:47:58.540Z - info: oServer.serverNamelocal
2016-01-21T19:47:58.544Z - info: THE END
2016-01-21T19:47:58.555Z - info: inside oServer.start().then
2016-01-21T19:47:58.609Z - info: found the database:mydb2
2016-01-21T19:47:58.611Z - info: in openDb.then()
2016-01-21T19:47:58.617Z - info: build success
2016-01-21T19:48:03.971Z - info: 10
2016-01-21T19:48:50.957Z - info: oServer.serverNamelocal
2016-01-21T19:48:50.962Z - info: THE END
2016-01-21T19:48:50.974Z - info: inside oServer.start().then
2016-01-21T19:48:51.031Z - info: found the database:mydb2
2016-01-21T19:48:51.033Z - info: in openDb.then()
2016-01-21T19:48:51.040Z - info: build success
2016-01-21T19:48:56.241Z - info: 10
2016-01-21T19:49:18.305Z - info: oServer.serverNamelocal
2016-01-21T19:49:18.310Z - info: THE END
2016-01-21T19:49:18.322Z - info: inside oServer.start().then
2016-01-21T19:49:18.375Z - info: found the database:mydb2
2016-01-21T19:49:18.377Z - info: in openDb.then()
2016-01-21T19:49:18.386Z - info: build success
2016-01-21T19:49:23.756Z - info: 10
